Performing C SOURCE FILE Test CMAKE_HAVE_LIBC_PTHREAD failed with the following output:
Change Dir: /mnt/d/rrbuild/libroadrunner-deps/cmake-build-release-wsl-ubuntu1804-gcc101/CMakeFiles/CMakeTmp

Run Build Command(s):/usr/bin/make cmTC_542fb/fast && make: Warning: File 'Makefile' has modification time 0.35 s in the future
/usr/bin/make  -f CMakeFiles/cmTC_542fb.dir/build.make CMakeFiles/cmTC_542fb.dir/build
make[1]: Entering directory '/mnt/d/rrbuild/libroadrunner-deps/cmake-build-release-wsl-ubuntu1804-gcc101/CMakeFiles/CMakeTmp'
make[1]: Warning: File 'CMakeFiles/cmTC_542fb.dir/flags.make' has modification time 0.33 s in the future
Building C object CMakeFiles/cmTC_542fb.dir/src.c.o
/usr/bin/gcc-10   -DCMAKE_HAVE_LIBC_PTHREAD -fPIE -o CMakeFiles/cmTC_542fb.dir/src.c.o -c /mnt/d/rrbuild/libroadrunner-deps/cmake-build-release-wsl-ubuntu1804-gcc101/CMakeFiles/CMakeTmp/src.c
Linking C executable cmTC_542fb
/home/ciaran/cmake/3.18.0/bin/cmake -E cmake_link_script CMakeFiles/cmTC_542fb.dir/link.txt --verbose=1
/usr/bin/gcc-10  -DCMAKE_HAVE_LIBC_PTHREAD -rdynamic CMakeFiles/cmTC_542fb.dir/src.c.o -o cmTC_542fb 
CMakeFiles/cmTC_542fb.dir/src.c.o: In function `main':
src.c:(.text+0x3e): undefined reference to `pthread_create'
src.c:(.text+0x4a): undefined reference to `pthread_detach'
src.c:(.text+0x56): undefined reference to `pthread_cancel'
src.c:(.text+0x67): undefined reference to `pthread_join'
src.c:(.text+0x7b): undefined reference to `pthread_atfork'
collect2: error: ld returned 1 exit status
CMakeFiles/cmTC_542fb.dir/build.make:105: recipe for target 'cmTC_542fb' failed
make[1]: *** [cmTC_542fb] Error 1
make[1]: Leaving directory '/mnt/d/rrbuild/libroadrunner-deps/cmake-build-release-wsl-ubuntu1804-gcc101/CMakeFiles/CMakeTmp'
Makefile:140: recipe for target 'cmTC_542fb/fast' failed
make: *** [cmTC_542fb/fast] Error 2


Source file was:
#include <pthread.h>

void* test_func(void* data)
{
  return data;
}

int main(void)
{
  pthread_t thread;
  pthread_create(&thread, NULL, test_func, NULL);
  pthread_detach(thread);
  pthread_cancel(thread);
  pthread_join(thread, NULL);
  pthread_atfork(NULL, NULL, NULL);
  pthread_exit(NULL);

  return 0;
}

Determining if the function pthread_create exists in the pthreads failed with the following output:
Change Dir: /mnt/d/rrbuild/libroadrunner-deps/cmake-build-release-wsl-ubuntu1804-gcc101/CMakeFiles/CMakeTmp

Run Build Command(s):/usr/bin/make cmTC_d483d/fast && make: Warning: File 'Makefile' has modification time 0.35 s in the future
/usr/bin/make  -f CMakeFiles/cmTC_d483d.dir/build.make CMakeFiles/cmTC_d483d.dir/build
make[1]: Entering directory '/mnt/d/rrbuild/libroadrunner-deps/cmake-build-release-wsl-ubuntu1804-gcc101/CMakeFiles/CMakeTmp'
make[1]: Warning: File 'CMakeFiles/cmTC_d483d.dir/flags.make' has modification time 0.33 s in the future
Building C object CMakeFiles/cmTC_d483d.dir/CheckFunctionExists.c.o
/usr/bin/gcc-10   -DCHECK_FUNCTION_EXISTS=pthread_create -fPIE -o CMakeFiles/cmTC_d483d.dir/CheckFunctionExists.c.o -c /home/ciaran/cmake/3.18.0/share/cmake-3.18/Modules/CheckFunctionExists.c
Linking C executable cmTC_d483d
/home/ciaran/cmake/3.18.0/bin/cmake -E cmake_link_script CMakeFiles/cmTC_d483d.dir/link.txt --verbose=1
/usr/bin/gcc-10  -DCHECK_FUNCTION_EXISTS=pthread_create CMakeFiles/cmTC_d483d.dir/CheckFunctionExists.c.o -o cmTC_d483d  -lpthreads 
/usr/bin/ld: cannot find -lpthreads
collect2: error: ld returned 1 exit status
CMakeFiles/cmTC_d483d.dir/build.make:105: recipe for target 'cmTC_d483d' failed
make[1]: *** [cmTC_d483d] Error 1
make[1]: Leaving directory '/mnt/d/rrbuild/libroadrunner-deps/cmake-build-release-wsl-ubuntu1804-gcc101/CMakeFiles/CMakeTmp'
Makefile:140: recipe for target 'cmTC_d483d/fast' failed
make: *** [cmTC_d483d/fast] Error 2



Performing C SOURCE FILE Test HAVE_BROKEN_SS_FAMILY failed with the following output:
Change Dir: /mnt/d/rrbuild/libroadrunner-deps/cmake-build-release-wsl-ubuntu1804-gcc101/CMakeFiles/CMakeTmp

Run Build Command(s):/usr/bin/make cmTC_4b48d/fast && make: Warning: File 'Makefile' has modification time 0.35 s in the future
/usr/bin/make  -f CMakeFiles/cmTC_4b48d.dir/build.make CMakeFiles/cmTC_4b48d.dir/build
make[1]: Entering directory '/mnt/d/rrbuild/libroadrunner-deps/cmake-build-release-wsl-ubuntu1804-gcc101/CMakeFiles/CMakeTmp'
make[1]: Warning: File 'CMakeFiles/cmTC_4b48d.dir/flags.make' has modification time 0.33 s in the future
Building C object CMakeFiles/cmTC_4b48d.dir/src.c.o
/usr/bin/gcc-10   -DHAVE_BROKEN_SS_FAMILY -fPIE -o CMakeFiles/cmTC_4b48d.dir/src.c.o -c /mnt/d/rrbuild/libroadrunner-deps/cmake-build-release-wsl-ubuntu1804-gcc101/CMakeFiles/CMakeTmp/src.c
/mnt/d/rrbuild/libroadrunner-deps/cmake-build-release-wsl-ubuntu1804-gcc101/CMakeFiles/CMakeTmp/src.c: In function ‘main’:
/mnt/d/rrbuild/libroadrunner-deps/cmake-build-release-wsl-ubuntu1804-gcc101/CMakeFiles/CMakeTmp/src.c:7:48: error: ‘struct sockaddr_storage’ has no member named ‘__ss_family’; did you mean ‘ss_family’?
    7 |   (void)sizeof(((struct sockaddr_storage *)0)->__ss_family);
      |                                                ^~~~~~~~~~~
      |                                                ss_family
CMakeFiles/cmTC_4b48d.dir/build.make:84: recipe for target 'CMakeFiles/cmTC_4b48d.dir/src.c.o' failed
make[1]: *** [CMakeFiles/cmTC_4b48d.dir/src.c.o] Error 1
make[1]: Leaving directory '/mnt/d/rrbuild/libroadrunner-deps/cmake-build-release-wsl-ubuntu1804-gcc101/CMakeFiles/CMakeTmp'
Makefile:140: recipe for target 'cmTC_4b48d/fast' failed
make: *** [cmTC_4b48d/fast] Error 2


Source file was:

#include <sys/socket.h>
#include <sys/types.h>

int main()
{
  (void)sizeof(((struct sockaddr_storage *)0)->__ss_family);
  return 0;
}

Determining if the function class exists failed with the following output:
Change Dir: /mnt/d/rrbuild/libroadrunner-deps/cmake-build-release-wsl-ubuntu1804-gcc101/CMakeFiles/CMakeTmp

Run Build Command(s):/usr/bin/make cmTC_73b79/fast && make: Warning: File 'Makefile' has modification time 0.34 s in the future
/usr/bin/make  -f CMakeFiles/cmTC_73b79.dir/build.make CMakeFiles/cmTC_73b79.dir/build
make[1]: Entering directory '/mnt/d/rrbuild/libroadrunner-deps/cmake-build-release-wsl-ubuntu1804-gcc101/CMakeFiles/CMakeTmp'
make[1]: Warning: File 'CMakeFiles/cmTC_73b79.dir/flags.make' has modification time 0.33 s in the future
Building C object CMakeFiles/cmTC_73b79.dir/CheckFunctionExists.c.o
/usr/bin/gcc-10   -DCHECK_FUNCTION_EXISTS=class -fPIE -o CMakeFiles/cmTC_73b79.dir/CheckFunctionExists.c.o -c /home/ciaran/cmake/3.18.0/share/cmake-3.18/Modules/CheckFunctionExists.c
Linking C executable cmTC_73b79
/home/ciaran/cmake/3.18.0/bin/cmake -E cmake_link_script CMakeFiles/cmTC_73b79.dir/link.txt --verbose=1
/usr/bin/gcc-10  -DCHECK_FUNCTION_EXISTS=class -rdynamic CMakeFiles/cmTC_73b79.dir/CheckFunctionExists.c.o -o cmTC_73b79  /usr/lib/x86_64-linux-gnu/liblzma.so -lpthread 
CMakeFiles/cmTC_73b79.dir/CheckFunctionExists.c.o: In function `main':
CheckFunctionExists.c:(.text+0x10): undefined reference to `class'
collect2: error: ld returned 1 exit status
CMakeFiles/cmTC_73b79.dir/build.make:106: recipe for target 'cmTC_73b79' failed
make[1]: *** [cmTC_73b79] Error 1
make[1]: Leaving directory '/mnt/d/rrbuild/libroadrunner-deps/cmake-build-release-wsl-ubuntu1804-gcc101/CMakeFiles/CMakeTmp'
Makefile:140: recipe for target 'cmTC_73b79/fast' failed
make: *** [cmTC_73b79/fast] Error 2



Determining if files dl.h exist failed with the following output:
Change Dir: /mnt/d/rrbuild/libroadrunner-deps/cmake-build-release-wsl-ubuntu1804-gcc101/CMakeFiles/CMakeTmp

Run Build Command(s):/usr/bin/make cmTC_2559a/fast && make: Warning: File 'Makefile' has modification time 0.35 s in the future
/usr/bin/make  -f CMakeFiles/cmTC_2559a.dir/build.make CMakeFiles/cmTC_2559a.dir/build
make[1]: Entering directory '/mnt/d/rrbuild/libroadrunner-deps/cmake-build-release-wsl-ubuntu1804-gcc101/CMakeFiles/CMakeTmp'
make[1]: Warning: File 'CMakeFiles/cmTC_2559a.dir/flags.make' has modification time 0.33 s in the future
Building C object CMakeFiles/cmTC_2559a.dir/HAVE_DL_H.c.o
/usr/bin/gcc-10   -fPIE -o CMakeFiles/cmTC_2559a.dir/HAVE_DL_H.c.o -c /mnt/d/rrbuild/libroadrunner-deps/cmake-build-release-wsl-ubuntu1804-gcc101/CMakeFiles/CheckIncludeFiles/HAVE_DL_H.c
/mnt/d/rrbuild/libroadrunner-deps/cmake-build-release-wsl-ubuntu1804-gcc101/CMakeFiles/CheckIncludeFiles/HAVE_DL_H.c:2:10: fatal error: dl.h: No such file or directory
    2 | #include <dl.h>
      |          ^~~~~~
compilation terminated.
CMakeFiles/cmTC_2559a.dir/build.make:84: recipe for target 'CMakeFiles/cmTC_2559a.dir/HAVE_DL_H.c.o' failed
make[1]: *** [CMakeFiles/cmTC_2559a.dir/HAVE_DL_H.c.o] Error 1
make[1]: Leaving directory '/mnt/d/rrbuild/libroadrunner-deps/cmake-build-release-wsl-ubuntu1804-gcc101/CMakeFiles/CMakeTmp'
Makefile:140: recipe for target 'cmTC_2559a/fast' failed
make: *** [cmTC_2559a/fast] Error 2


Source:
/* */
#include <dl.h>


int main(void){return 0;}

Determining if the function fpclass exists failed with the following output:
Change Dir: /mnt/d/rrbuild/libroadrunner-deps/cmake-build-release-wsl-ubuntu1804-gcc101/CMakeFiles/CMakeTmp

Run Build Command(s):/usr/bin/make cmTC_abbab/fast && make: Warning: File 'Makefile' has modification time 0.35 s in the future
/usr/bin/make  -f CMakeFiles/cmTC_abbab.dir/build.make CMakeFiles/cmTC_abbab.dir/build
make[1]: Entering directory '/mnt/d/rrbuild/libroadrunner-deps/cmake-build-release-wsl-ubuntu1804-gcc101/CMakeFiles/CMakeTmp'
make[1]: Warning: File 'CMakeFiles/cmTC_abbab.dir/flags.make' has modification time 0.33 s in the future
Building C object CMakeFiles/cmTC_abbab.dir/CheckFunctionExists.c.o
/usr/bin/gcc-10   -DCHECK_FUNCTION_EXISTS=fpclass -fPIE -o CMakeFiles/cmTC_abbab.dir/CheckFunctionExists.c.o -c /home/ciaran/cmake/3.18.0/share/cmake-3.18/Modules/CheckFunctionExists.c
Linking C executable cmTC_abbab
/home/ciaran/cmake/3.18.0/bin/cmake -E cmake_link_script CMakeFiles/cmTC_abbab.dir/link.txt --verbose=1
/usr/bin/gcc-10  -DCHECK_FUNCTION_EXISTS=fpclass -rdynamic CMakeFiles/cmTC_abbab.dir/CheckFunctionExists.c.o -o cmTC_abbab  /usr/lib/x86_64-linux-gnu/liblzma.so -lpthread 
CMakeFiles/cmTC_abbab.dir/CheckFunctionExists.c.o: In function `main':
CheckFunctionExists.c:(.text+0x10): undefined reference to `fpclass'
collect2: error: ld returned 1 exit status
CMakeFiles/cmTC_abbab.dir/build.make:106: recipe for target 'cmTC_abbab' failed
make[1]: *** [cmTC_abbab] Error 1
make[1]: Leaving directory '/mnt/d/rrbuild/libroadrunner-deps/cmake-build-release-wsl-ubuntu1804-gcc101/CMakeFiles/CMakeTmp'
Makefile:140: recipe for target 'cmTC_abbab/fast' failed
make: *** [cmTC_abbab/fast] Error 2



Determining if the function fp_class exists failed with the following output:
Change Dir: /mnt/d/rrbuild/libroadrunner-deps/cmake-build-release-wsl-ubuntu1804-gcc101/CMakeFiles/CMakeTmp

Run Build Command(s):/usr/bin/make cmTC_47048/fast && make: Warning: File 'Makefile' has modification time 0.35 s in the future
/usr/bin/make  -f CMakeFiles/cmTC_47048.dir/build.make CMakeFiles/cmTC_47048.dir/build
make[1]: Entering directory '/mnt/d/rrbuild/libroadrunner-deps/cmake-build-release-wsl-ubuntu1804-gcc101/CMakeFiles/CMakeTmp'
make[1]: Warning: File 'CMakeFiles/cmTC_47048.dir/flags.make' has modification time 0.33 s in the future
Building C object CMakeFiles/cmTC_47048.dir/CheckFunctionExists.c.o
/usr/bin/gcc-10   -DCHECK_FUNCTION_EXISTS=fp_class -fPIE -o CMakeFiles/cmTC_47048.dir/CheckFunctionExists.c.o -c /home/ciaran/cmake/3.18.0/share/cmake-3.18/Modules/CheckFunctionExists.c
Linking C executable cmTC_47048
/home/ciaran/cmake/3.18.0/bin/cmake -E cmake_link_script CMakeFiles/cmTC_47048.dir/link.txt --verbose=1
/usr/bin/gcc-10  -DCHECK_FUNCTION_EXISTS=fp_class -rdynamic CMakeFiles/cmTC_47048.dir/CheckFunctionExists.c.o -o cmTC_47048  /usr/lib/x86_64-linux-gnu/liblzma.so -lpthread 
CMakeFiles/cmTC_47048.dir/CheckFunctionExists.c.o: In function `main':
CheckFunctionExists.c:(.text+0x10): undefined reference to `fp_class'
collect2: error: ld returned 1 exit status
CMakeFiles/cmTC_47048.dir/build.make:106: recipe for target 'cmTC_47048' failed
make[1]: *** [cmTC_47048] Error 1
make[1]: Leaving directory '/mnt/d/rrbuild/libroadrunner-deps/cmake-build-release-wsl-ubuntu1804-gcc101/CMakeFiles/CMakeTmp'
Makefile:140: recipe for target 'cmTC_47048/fast' failed
make: *** [cmTC_47048/fast] Error 2



Determining if the function isnand exists failed with the following output:
Change Dir: /mnt/d/rrbuild/libroadrunner-deps/cmake-build-release-wsl-ubuntu1804-gcc101/CMakeFiles/CMakeTmp

Run Build Command(s):/usr/bin/make cmTC_3c9ac/fast && make: Warning: File 'Makefile' has modification time 0.35 s in the future
/usr/bin/make  -f CMakeFiles/cmTC_3c9ac.dir/build.make CMakeFiles/cmTC_3c9ac.dir/build
make[1]: Entering directory '/mnt/d/rrbuild/libroadrunner-deps/cmake-build-release-wsl-ubuntu1804-gcc101/CMakeFiles/CMakeTmp'
make[1]: Warning: File 'CMakeFiles/cmTC_3c9ac.dir/flags.make' has modification time 0.33 s in the future
Building C object CMakeFiles/cmTC_3c9ac.dir/CheckFunctionExists.c.o
/usr/bin/gcc-10   -DCHECK_FUNCTION_EXISTS=isnand -fPIE -o CMakeFiles/cmTC_3c9ac.dir/CheckFunctionExists.c.o -c /home/ciaran/cmake/3.18.0/share/cmake-3.18/Modules/CheckFunctionExists.c
Linking C executable cmTC_3c9ac
/home/ciaran/cmake/3.18.0/bin/cmake -E cmake_link_script CMakeFiles/cmTC_3c9ac.dir/link.txt --verbose=1
/usr/bin/gcc-10  -DCHECK_FUNCTION_EXISTS=isnand -rdynamic CMakeFiles/cmTC_3c9ac.dir/CheckFunctionExists.c.o -o cmTC_3c9ac  /usr/lib/x86_64-linux-gnu/liblzma.so -lpthread 
CMakeFiles/cmTC_3c9ac.dir/CheckFunctionExists.c.o: In function `main':
CheckFunctionExists.c:(.text+0x10): undefined reference to `isnand'
collect2: error: ld returned 1 exit status
CMakeFiles/cmTC_3c9ac.dir/build.make:106: recipe for target 'cmTC_3c9ac' failed
make[1]: *** [cmTC_3c9ac] Error 1
make[1]: Leaving directory '/mnt/d/rrbuild/libroadrunner-deps/cmake-build-release-wsl-ubuntu1804-gcc101/CMakeFiles/CMakeTmp'
Makefile:140: recipe for target 'cmTC_3c9ac/fast' failed
make: *** [cmTC_3c9ac/fast] Error 2



Determining if the function append_history exists in the history failed with the following output:
Change Dir: /mnt/d/rrbuild/libroadrunner-deps/cmake-build-release-wsl-ubuntu1804-gcc101/CMakeFiles/CMakeTmp

Run Build Command(s):/usr/bin/make cmTC_f6d66/fast && make: Warning: File 'Makefile' has modification time 0.35 s in the future
/usr/bin/make  -f CMakeFiles/cmTC_f6d66.dir/build.make CMakeFiles/cmTC_f6d66.dir/build
make[1]: Entering directory '/mnt/d/rrbuild/libroadrunner-deps/cmake-build-release-wsl-ubuntu1804-gcc101/CMakeFiles/CMakeTmp'
make[1]: Warning: File 'CMakeFiles/cmTC_f6d66.dir/flags.make' has modification time 0.33 s in the future
Building C object CMakeFiles/cmTC_f6d66.dir/CheckFunctionExists.c.o
/usr/bin/gcc-10   -DCHECK_FUNCTION_EXISTS=append_history -fPIE -o CMakeFiles/cmTC_f6d66.dir/CheckFunctionExists.c.o -c /home/ciaran/cmake/3.18.0/share/cmake-3.18/Modules/CheckFunctionExists.c
Linking C executable cmTC_f6d66
/home/ciaran/cmake/3.18.0/bin/cmake -E cmake_link_script CMakeFiles/cmTC_f6d66.dir/link.txt --verbose=1
/usr/bin/gcc-10  -DCHECK_FUNCTION_EXISTS=append_history CMakeFiles/cmTC_f6d66.dir/CheckFunctionExists.c.o -o cmTC_f6d66  -lhistory /usr/lib/x86_64-linux-gnu/liblzma.so -lpthread 
/usr/bin/ld: cannot find -lhistory
collect2: error: ld returned 1 exit status
CMakeFiles/cmTC_f6d66.dir/build.make:106: recipe for target 'cmTC_f6d66' failed
make[1]: *** [cmTC_f6d66] Error 1
make[1]: Leaving directory '/mnt/d/rrbuild/libroadrunner-deps/cmake-build-release-wsl-ubuntu1804-gcc101/CMakeFiles/CMakeTmp'
Makefile:140: recipe for target 'cmTC_f6d66/fast' failed
make: *** [cmTC_f6d66/fast] Error 2



Determining if the function readline exists in the readline failed with the following output:
Change Dir: /mnt/d/rrbuild/libroadrunner-deps/cmake-build-release-wsl-ubuntu1804-gcc101/CMakeFiles/CMakeTmp

Run Build Command(s):/usr/bin/make cmTC_ba75b/fast && make: Warning: File 'Makefile' has modification time 0.35 s in the future
/usr/bin/make  -f CMakeFiles/cmTC_ba75b.dir/build.make CMakeFiles/cmTC_ba75b.dir/build
make[1]: Entering directory '/mnt/d/rrbuild/libroadrunner-deps/cmake-build-release-wsl-ubuntu1804-gcc101/CMakeFiles/CMakeTmp'
make[1]: Warning: File 'CMakeFiles/cmTC_ba75b.dir/flags.make' has modification time 0.33 s in the future
Building C object CMakeFiles/cmTC_ba75b.dir/CheckFunctionExists.c.o
/usr/bin/gcc-10   -DCHECK_FUNCTION_EXISTS=readline -fPIE -o CMakeFiles/cmTC_ba75b.dir/CheckFunctionExists.c.o -c /home/ciaran/cmake/3.18.0/share/cmake-3.18/Modules/CheckFunctionExists.c
Linking C executable cmTC_ba75b
/home/ciaran/cmake/3.18.0/bin/cmake -E cmake_link_script CMakeFiles/cmTC_ba75b.dir/link.txt --verbose=1
/usr/bin/gcc-10  -DCHECK_FUNCTION_EXISTS=readline CMakeFiles/cmTC_ba75b.dir/CheckFunctionExists.c.o -o cmTC_ba75b  -lreadline /usr/lib/x86_64-linux-gnu/liblzma.so -lpthread 
/usr/bin/ld: cannot find -lreadline
collect2: error: ld returned 1 exit status
CMakeFiles/cmTC_ba75b.dir/build.make:106: recipe for target 'cmTC_ba75b' failed
make[1]: *** [cmTC_ba75b] Error 1
make[1]: Leaving directory '/mnt/d/rrbuild/libroadrunner-deps/cmake-build-release-wsl-ubuntu1804-gcc101/CMakeFiles/CMakeTmp'
Makefile:140: recipe for target 'cmTC_ba75b/fast' failed
make: *** [cmTC_ba75b/fast] Error 2



Determining if the DIR exist failed with the following output:
Change Dir: /mnt/d/rrbuild/libroadrunner-deps/cmake-build-release-wsl-ubuntu1804-gcc101/CMakeFiles/CMakeTmp

Run Build Command(s):/usr/bin/make cmTC_56f78/fast && make: Warning: File 'Makefile' has modification time 0.35 s in the future
/usr/bin/make  -f CMakeFiles/cmTC_56f78.dir/build.make CMakeFiles/cmTC_56f78.dir/build
make[1]: Entering directory '/mnt/d/rrbuild/libroadrunner-deps/cmake-build-release-wsl-ubuntu1804-gcc101/CMakeFiles/CMakeTmp'
make[1]: Warning: File 'CMakeFiles/cmTC_56f78.dir/flags.make' has modification time 0.33 s in the future
Building C object CMakeFiles/cmTC_56f78.dir/CheckSymbolExists.c.o
/usr/bin/gcc-10   -fPIE -o CMakeFiles/cmTC_56f78.dir/CheckSymbolExists.c.o -c /mnt/d/rrbuild/libroadrunner-deps/cmake-build-release-wsl-ubuntu1804-gcc101/CMakeFiles/CMakeTmp/CheckSymbolExists.c
/mnt/d/rrbuild/libroadrunner-deps/cmake-build-release-wsl-ubuntu1804-gcc101/CMakeFiles/CMakeTmp/CheckSymbolExists.c:2:10: fatal error: ndir.h: No such file or directory
    2 | #include <ndir.h>
      |          ^~~~~~~~
compilation terminated.
CMakeFiles/cmTC_56f78.dir/build.make:84: recipe for target 'CMakeFiles/cmTC_56f78.dir/CheckSymbolExists.c.o' failed
make[1]: *** [CMakeFiles/cmTC_56f78.dir/CheckSymbolExists.c.o] Error 1
make[1]: Leaving directory '/mnt/d/rrbuild/libroadrunner-deps/cmake-build-release-wsl-ubuntu1804-gcc101/CMakeFiles/CMakeTmp'
Makefile:140: recipe for target 'cmTC_56f78/fast' failed
make: *** [cmTC_56f78/fast] Error 2


File /mnt/d/rrbuild/libroadrunner-deps/cmake-build-release-wsl-ubuntu1804-gcc101/CMakeFiles/CMakeTmp/CheckSymbolExists.c:
/* */
#include <ndir.h>

int main(int argc, char** argv)
{
  (void)argv;
#ifndef DIR
  return ((int*)(&DIR))[argc];
#else
  (void)argc;
  return 0;
#endif
}
Determining if the function shl_load exists in the dld failed with the following output:
Change Dir: /mnt/d/rrbuild/libroadrunner-deps/cmake-build-release-wsl-ubuntu1804-gcc101/CMakeFiles/CMakeTmp

Run Build Command(s):/usr/bin/make cmTC_5259c/fast && make: Warning: File 'Makefile' has modification time 0.34 s in the future
/usr/bin/make  -f CMakeFiles/cmTC_5259c.dir/build.make CMakeFiles/cmTC_5259c.dir/build
make[1]: Entering directory '/mnt/d/rrbuild/libroadrunner-deps/cmake-build-release-wsl-ubuntu1804-gcc101/CMakeFiles/CMakeTmp'
make[1]: Warning: File 'CMakeFiles/cmTC_5259c.dir/flags.make' has modification time 0.33 s in the future
Building C object CMakeFiles/cmTC_5259c.dir/CheckFunctionExists.c.o
/usr/bin/gcc-10   -DCHECK_FUNCTION_EXISTS=shl_load -fPIE -o CMakeFiles/cmTC_5259c.dir/CheckFunctionExists.c.o -c /home/ciaran/cmake/3.18.0/share/cmake-3.18/Modules/CheckFunctionExists.c
Linking C executable cmTC_5259c
/home/ciaran/cmake/3.18.0/bin/cmake -E cmake_link_script CMakeFiles/cmTC_5259c.dir/link.txt --verbose=1
/usr/bin/gcc-10  -DCHECK_FUNCTION_EXISTS=shl_load CMakeFiles/cmTC_5259c.dir/CheckFunctionExists.c.o -o cmTC_5259c  -ldld /usr/lib/x86_64-linux-gnu/liblzma.so -lpthread 
/usr/bin/ld: cannot find -ldld
collect2: error: ld returned 1 exit status
CMakeFiles/cmTC_5259c.dir/build.make:106: recipe for target 'cmTC_5259c' failed
make[1]: *** [cmTC_5259c] Error 1
make[1]: Leaving directory '/mnt/d/rrbuild/libroadrunner-deps/cmake-build-release-wsl-ubuntu1804-gcc101/CMakeFiles/CMakeTmp'
Makefile:140: recipe for target 'cmTC_5259c/fast' failed
make: *** [cmTC_5259c/fast] Error 2



Determining if the DIR exist failed with the following output:
Change Dir: /mnt/d/rrbuild/libroadrunner-deps/cmake-build-release-wsl-ubuntu1804-gcc101/CMakeFiles/CMakeTmp

Run Build Command(s):/usr/bin/make cmTC_3a41b/fast && make: Warning: File 'Makefile' has modification time 0.35 s in the future
/usr/bin/make  -f CMakeFiles/cmTC_3a41b.dir/build.make CMakeFiles/cmTC_3a41b.dir/build
make[1]: Entering directory '/mnt/d/rrbuild/libroadrunner-deps/cmake-build-release-wsl-ubuntu1804-gcc101/CMakeFiles/CMakeTmp'
make[1]: Warning: File 'CMakeFiles/cmTC_3a41b.dir/flags.make' has modification time 0.33 s in the future
Building C object CMakeFiles/cmTC_3a41b.dir/CheckSymbolExists.c.o
/usr/bin/gcc-10   -fPIE -o CMakeFiles/cmTC_3a41b.dir/CheckSymbolExists.c.o -c /mnt/d/rrbuild/libroadrunner-deps/cmake-build-release-wsl-ubuntu1804-gcc101/CMakeFiles/CMakeTmp/CheckSymbolExists.c
/mnt/d/rrbuild/libroadrunner-deps/cmake-build-release-wsl-ubuntu1804-gcc101/CMakeFiles/CMakeTmp/CheckSymbolExists.c: In function ‘main’:
/mnt/d/rrbuild/libroadrunner-deps/cmake-build-release-wsl-ubuntu1804-gcc101/CMakeFiles/CMakeTmp/CheckSymbolExists.c:8:19: error: expected expression before ‘DIR’
    8 |   return ((int*)(&DIR))[argc];
      |                   ^~~
CMakeFiles/cmTC_3a41b.dir/build.make:84: recipe for target 'CMakeFiles/cmTC_3a41b.dir/CheckSymbolExists.c.o' failed
make[1]: *** [CMakeFiles/cmTC_3a41b.dir/CheckSymbolExists.c.o] Error 1
make[1]: Leaving directory '/mnt/d/rrbuild/libroadrunner-deps/cmake-build-release-wsl-ubuntu1804-gcc101/CMakeFiles/CMakeTmp'
Makefile:140: recipe for target 'cmTC_3a41b/fast' failed
make: *** [cmTC_3a41b/fast] Error 2


File /mnt/d/rrbuild/libroadrunner-deps/cmake-build-release-wsl-ubuntu1804-gcc101/CMakeFiles/CMakeTmp/CheckSymbolExists.c:
/* */
#include <sys/dir.h>

int main(int argc, char** argv)
{
  (void)argv;
#ifndef DIR
  return ((int*)(&DIR))[argc];
#else
  (void)argc;
  return 0;
#endif
}
Determining if the DIR exist failed with the following output:
Change Dir: /mnt/d/rrbuild/libroadrunner-deps/cmake-build-release-wsl-ubuntu1804-gcc101/CMakeFiles/CMakeTmp

Run Build Command(s):/usr/bin/make cmTC_97278/fast && make: Warning: File 'Makefile' has modification time 0.35 s in the future
/usr/bin/make  -f CMakeFiles/cmTC_97278.dir/build.make CMakeFiles/cmTC_97278.dir/build
make[1]: Entering directory '/mnt/d/rrbuild/libroadrunner-deps/cmake-build-release-wsl-ubuntu1804-gcc101/CMakeFiles/CMakeTmp'
make[1]: Warning: File 'CMakeFiles/cmTC_97278.dir/flags.make' has modification time 0.33 s in the future
Building C object CMakeFiles/cmTC_97278.dir/CheckSymbolExists.c.o
/usr/bin/gcc-10   -fPIE -o CMakeFiles/cmTC_97278.dir/CheckSymbolExists.c.o -c /mnt/d/rrbuild/libroadrunner-deps/cmake-build-release-wsl-ubuntu1804-gcc101/CMakeFiles/CMakeTmp/CheckSymbolExists.c
/mnt/d/rrbuild/libroadrunner-deps/cmake-build-release-wsl-ubuntu1804-gcc101/CMakeFiles/CMakeTmp/CheckSymbolExists.c:2:10: fatal error: sys/ndir.h: No such file or directory
    2 | #include <sys/ndir.h>
      |          ^~~~~~~~~~~~
compilation terminated.
CMakeFiles/cmTC_97278.dir/build.make:84: recipe for target 'CMakeFiles/cmTC_97278.dir/CheckSymbolExists.c.o' failed
make[1]: *** [CMakeFiles/cmTC_97278.dir/CheckSymbolExists.c.o] Error 1
make[1]: Leaving directory '/mnt/d/rrbuild/libroadrunner-deps/cmake-build-release-wsl-ubuntu1804-gcc101/CMakeFiles/CMakeTmp'
Makefile:140: recipe for target 'cmTC_97278/fast' failed
make: *** [cmTC_97278/fast] Error 2


File /mnt/d/rrbuild/libroadrunner-deps/cmake-build-release-wsl-ubuntu1804-gcc101/CMakeFiles/CMakeTmp/CheckSymbolExists.c:
/* */
#include <sys/ndir.h>

int main(int argc, char** argv)
{
  (void)argv;
#ifndef DIR
  return ((int*)(&DIR))[argc];
#else
  (void)argc;
  return 0;
#endif
}
Determining if the function va_copy exists failed with the following output:
Change Dir: /mnt/d/rrbuild/libroadrunner-deps/cmake-build-release-wsl-ubuntu1804-gcc101/CMakeFiles/CMakeTmp

Run Build Command(s):/usr/bin/make cmTC_0169e/fast && make: Warning: File 'Makefile' has modification time 0.35 s in the future
/usr/bin/make  -f CMakeFiles/cmTC_0169e.dir/build.make CMakeFiles/cmTC_0169e.dir/build
make[1]: Entering directory '/mnt/d/rrbuild/libroadrunner-deps/cmake-build-release-wsl-ubuntu1804-gcc101/CMakeFiles/CMakeTmp'
make[1]: Warning: File 'CMakeFiles/cmTC_0169e.dir/flags.make' has modification time 0.33 s in the future
Building C object CMakeFiles/cmTC_0169e.dir/CheckFunctionExists.c.o
/usr/bin/gcc-10   -DCHECK_FUNCTION_EXISTS=va_copy -fPIE -o CMakeFiles/cmTC_0169e.dir/CheckFunctionExists.c.o -c /home/ciaran/cmake/3.18.0/share/cmake-3.18/Modules/CheckFunctionExists.c
Linking C executable cmTC_0169e
/home/ciaran/cmake/3.18.0/bin/cmake -E cmake_link_script CMakeFiles/cmTC_0169e.dir/link.txt --verbose=1
/usr/bin/gcc-10  -DCHECK_FUNCTION_EXISTS=va_copy -rdynamic CMakeFiles/cmTC_0169e.dir/CheckFunctionExists.c.o -o cmTC_0169e  /usr/lib/x86_64-linux-gnu/liblzma.so -lpthread 
CMakeFiles/cmTC_0169e.dir/CheckFunctionExists.c.o: In function `main':
CheckFunctionExists.c:(.text+0x10): undefined reference to `va_copy'
collect2: error: ld returned 1 exit status
CMakeFiles/cmTC_0169e.dir/build.make:106: recipe for target 'cmTC_0169e' failed
make[1]: *** [cmTC_0169e] Error 1
make[1]: Leaving directory '/mnt/d/rrbuild/libroadrunner-deps/cmake-build-release-wsl-ubuntu1804-gcc101/CMakeFiles/CMakeTmp'
Makefile:140: recipe for target 'cmTC_0169e/fast' failed
make: *** [cmTC_0169e/fast] Error 2



Determining if the function __va_copy exists failed with the following output:
Change Dir: /mnt/d/rrbuild/libroadrunner-deps/cmake-build-release-wsl-ubuntu1804-gcc101/CMakeFiles/CMakeTmp

Run Build Command(s):/usr/bin/make cmTC_8e958/fast && make: Warning: File 'Makefile' has modification time 0.35 s in the future
/usr/bin/make  -f CMakeFiles/cmTC_8e958.dir/build.make CMakeFiles/cmTC_8e958.dir/build
make[1]: Entering directory '/mnt/d/rrbuild/libroadrunner-deps/cmake-build-release-wsl-ubuntu1804-gcc101/CMakeFiles/CMakeTmp'
make[1]: Warning: File 'CMakeFiles/cmTC_8e958.dir/flags.make' has modification time 0.33 s in the future
Building C object CMakeFiles/cmTC_8e958.dir/CheckFunctionExists.c.o
/usr/bin/gcc-10   -DCHECK_FUNCTION_EXISTS=__va_copy -fPIE -o CMakeFiles/cmTC_8e958.dir/CheckFunctionExists.c.o -c /home/ciaran/cmake/3.18.0/share/cmake-3.18/Modules/CheckFunctionExists.c
Linking C executable cmTC_8e958
/home/ciaran/cmake/3.18.0/bin/cmake -E cmake_link_script CMakeFiles/cmTC_8e958.dir/link.txt --verbose=1
/usr/bin/gcc-10  -DCHECK_FUNCTION_EXISTS=__va_copy -rdynamic CMakeFiles/cmTC_8e958.dir/CheckFunctionExists.c.o -o cmTC_8e958  /usr/lib/x86_64-linux-gnu/liblzma.so -lpthread 
CMakeFiles/cmTC_8e958.dir/CheckFunctionExists.c.o: In function `main':
CheckFunctionExists.c:(.text+0x10): undefined reference to `__va_copy'
collect2: error: ld returned 1 exit status
CMakeFiles/cmTC_8e958.dir/build.make:106: recipe for target 'cmTC_8e958' failed
make[1]: *** [cmTC_8e958] Error 1
make[1]: Leaving directory '/mnt/d/rrbuild/libroadrunner-deps/cmake-build-release-wsl-ubuntu1804-gcc101/CMakeFiles/CMakeTmp'
Makefile:140: recipe for target 'cmTC_8e958/fast' failed
make: *** [cmTC_8e958/fast] Error 2



Performing C SOURCE FILE Test VA_LIST_IS_ARRAY_TEST failed with the following output:
Change Dir: /mnt/d/rrbuild/libroadrunner-deps/cmake-build-release-wsl-ubuntu1804-gcc101/CMakeFiles/CMakeTmp

Run Build Command(s):/usr/bin/make cmTC_62c4a/fast && make: Warning: File 'Makefile' has modification time 0.35 s in the future
/usr/bin/make  -f CMakeFiles/cmTC_62c4a.dir/build.make CMakeFiles/cmTC_62c4a.dir/build
make[1]: Entering directory '/mnt/d/rrbuild/libroadrunner-deps/cmake-build-release-wsl-ubuntu1804-gcc101/CMakeFiles/CMakeTmp'
make[1]: Warning: File 'CMakeFiles/cmTC_62c4a.dir/flags.make' has modification time 0.33 s in the future
Building C object CMakeFiles/cmTC_62c4a.dir/src.c.o
/usr/bin/gcc-10   -DVA_LIST_IS_ARRAY_TEST -fPIE -o CMakeFiles/cmTC_62c4a.dir/src.c.o -c /mnt/d/rrbuild/libroadrunner-deps/cmake-build-release-wsl-ubuntu1804-gcc101/CMakeFiles/CMakeTmp/src.c
/mnt/d/rrbuild/libroadrunner-deps/cmake-build-release-wsl-ubuntu1804-gcc101/CMakeFiles/CMakeTmp/src.c: In function ‘main’:
/mnt/d/rrbuild/libroadrunner-deps/cmake-build-release-wsl-ubuntu1804-gcc101/CMakeFiles/CMakeTmp/src.c:4:49: error: cast specifies array type
    4 |   int main() { va_list ap1, ap2; a(&ap1); ap2 = (va_list) ap1; return 0; }
      |                                                 ^
CMakeFiles/cmTC_62c4a.dir/build.make:84: recipe for target 'CMakeFiles/cmTC_62c4a.dir/src.c.o' failed
make[1]: *** [CMakeFiles/cmTC_62c4a.dir/src.c.o] Error 1
make[1]: Leaving directory '/mnt/d/rrbuild/libroadrunner-deps/cmake-build-release-wsl-ubuntu1804-gcc101/CMakeFiles/CMakeTmp'
Makefile:140: recipe for target 'cmTC_62c4a/fast' failed
make: *** [cmTC_62c4a/fast] Error 2


Source file was:

		#include <stdarg.h>
		void a(va_list* ap) {};
		int main() { va_list ap1, ap2; a(&ap1); ap2 = (va_list) ap1; return 0; }
	
Determining if files check.h exist failed with the following output:
Change Dir: /mnt/d/rrbuild/libroadrunner-deps/cmake-build-release-wsl-ubuntu1804-gcc101/CMakeFiles/CMakeTmp

Run Build Command(s):/usr/bin/make cmTC_d9cdb/fast && make: Warning: File 'Makefile' has modification time 0.35 s in the future
/usr/bin/make  -f CMakeFiles/cmTC_d9cdb.dir/build.make CMakeFiles/cmTC_d9cdb.dir/build
make[1]: Entering directory '/mnt/d/rrbuild/libroadrunner-deps/cmake-build-release-wsl-ubuntu1804-gcc101/CMakeFiles/CMakeTmp'
make[1]: Warning: File 'CMakeFiles/cmTC_d9cdb.dir/flags.make' has modification time 0.33 s in the future
Building C object CMakeFiles/cmTC_d9cdb.dir/HAVE_CHECK_H.c.o
/usr/bin/gcc-10   -fno-strict-aliasing -fPIC  -fPIE -o CMakeFiles/cmTC_d9cdb.dir/HAVE_CHECK_H.c.o -c /mnt/d/rrbuild/libroadrunner-deps/cmake-build-release-wsl-ubuntu1804-gcc101/CMakeFiles/CheckIncludeFiles/HAVE_CHECK_H.c
/mnt/d/rrbuild/libroadrunner-deps/cmake-build-release-wsl-ubuntu1804-gcc101/CMakeFiles/CheckIncludeFiles/HAVE_CHECK_H.c:2:10: fatal error: check.h: No such file or directory
    2 | #include <check.h>
      |          ^~~~~~~~~
compilation terminated.
CMakeFiles/cmTC_d9cdb.dir/build.make:84: recipe for target 'CMakeFiles/cmTC_d9cdb.dir/HAVE_CHECK_H.c.o' failed
make[1]: *** [CMakeFiles/cmTC_d9cdb.dir/HAVE_CHECK_H.c.o] Error 1
make[1]: Leaving directory '/mnt/d/rrbuild/libroadrunner-deps/cmake-build-release-wsl-ubuntu1804-gcc101/CMakeFiles/CMakeTmp'
Makefile:140: recipe for target 'cmTC_d9cdb/fast' failed
make: *** [cmTC_d9cdb/fast] Error 2


Source:
/* */
#include <check.h>


int main(void){return 0;}

Determining if files ieeefp.h exist failed with the following output:
Change Dir: /mnt/d/rrbuild/libroadrunner-deps/cmake-build-release-wsl-ubuntu1804-gcc101/CMakeFiles/CMakeTmp

Run Build Command(s):/usr/bin/make cmTC_a63cd/fast && make: Warning: File 'Makefile' has modification time 0.35 s in the future
/usr/bin/make  -f CMakeFiles/cmTC_a63cd.dir/build.make CMakeFiles/cmTC_a63cd.dir/build
make[1]: Entering directory '/mnt/d/rrbuild/libroadrunner-deps/cmake-build-release-wsl-ubuntu1804-gcc101/CMakeFiles/CMakeTmp'
make[1]: Warning: File 'CMakeFiles/cmTC_a63cd.dir/flags.make' has modification time 0.33 s in the future
Building C object CMakeFiles/cmTC_a63cd.dir/HAVE_IEEEFP_H.c.o
/usr/bin/gcc-10   -fno-strict-aliasing -fPIC  -fPIE -o CMakeFiles/cmTC_a63cd.dir/HAVE_IEEEFP_H.c.o -c /mnt/d/rrbuild/libroadrunner-deps/cmake-build-release-wsl-ubuntu1804-gcc101/CMakeFiles/CheckIncludeFiles/HAVE_IEEEFP_H.c
/mnt/d/rrbuild/libroadrunner-deps/cmake-build-release-wsl-ubuntu1804-gcc101/CMakeFiles/CheckIncludeFiles/HAVE_IEEEFP_H.c:2:10: fatal error: ieeefp.h: No such file or directory
    2 | #include <ieeefp.h>
      |          ^~~~~~~~~~
compilation terminated.
CMakeFiles/cmTC_a63cd.dir/build.make:84: recipe for target 'CMakeFiles/cmTC_a63cd.dir/HAVE_IEEEFP_H.c.o' failed
make[1]: *** [CMakeFiles/cmTC_a63cd.dir/HAVE_IEEEFP_H.c.o] Error 1
make[1]: Leaving directory '/mnt/d/rrbuild/libroadrunner-deps/cmake-build-release-wsl-ubuntu1804-gcc101/CMakeFiles/CMakeTmp'
Makefile:140: recipe for target 'cmTC_a63cd/fast' failed
make: *** [cmTC_a63cd/fast] Error 2


Source:
/* */
#include <ieeefp.h>


int main(void){return 0;}

