Determining size of off64_t failed with the following output:
Change Dir: D:/rrbuild/libroadrunner-deps/cmake-build-release-visual-studio/CMakeFiles/CMakeTmp

Run Build Command(s):nmake /nologo cmTC_e410d\fast && 	"C:\Program Files (x86)\Microsoft Visual Studio\2019\Community\VC\Tools\MSVC\14.27.29110\bin\HostX64\x64\nmake.exe"  -f CMakeFiles\cmTC_e410d.dir\build.make /nologo -L                  CMakeFiles\cmTC_e410d.dir\build
Building C object CMakeFiles/cmTC_e410d.dir/OFF64_T.c.obj
	C:\PROGRA~2\MICROS~1\2019\COMMUN~1\VC\Tools\MSVC\14.27.29110\bin\Hostx64\x64\cl.exe @C:\Users\Ciaran\AppData\Local\Temp\nm5630.tmp
OFF64_T.c
D:\rrbuild\libroadrunner-deps\cmake-build-release-visual-studio\CMakeFiles\CheckTypeSize\OFF64_T.c(29): error C2065: 'off64_t': undeclared identifier
D:\rrbuild\libroadrunner-deps\cmake-build-release-visual-studio\CMakeFiles\CheckTypeSize\OFF64_T.c(30): error C2065: 'off64_t': undeclared identifier
D:\rrbuild\libroadrunner-deps\cmake-build-release-visual-studio\CMakeFiles\CheckTypeSize\OFF64_T.c(31): error C2065: 'off64_t': undeclared identifier
D:\rrbuild\libroadrunner-deps\cmake-build-release-visual-studio\CMakeFiles\CheckTypeSize\OFF64_T.c(32): error C2065: 'off64_t': undeclared identifier
D:\rrbuild\libroadrunner-deps\cmake-build-release-visual-studio\CMakeFiles\CheckTypeSize\OFF64_T.c(33): error C2065: 'off64_t': undeclared identifier
NMAKE : fatal error U1077: 'C:\PROGRA~2\MICROS~1\2019\COMMUN~1\VC\Tools\MSVC\14.27.29110\bin\Hostx64\x64\cl.exe' : return code '0x2'
Stop.
NMAKE : fatal error U1077: '"C:\Program Files (x86)\Microsoft Visual Studio\2019\Community\VC\Tools\MSVC\14.27.29110\bin\HostX64\x64\nmake.exe"' : return code '0x2'
Stop.


D:/rrbuild/libroadrunner-deps/cmake-build-release-visual-studio/CMakeFiles/CheckTypeSize/OFF64_T.c:
#include <sys/types.h>
#include <stdint.h>
#include <stddef.h>


#undef KEY
#if defined(__i386)
# define KEY '_','_','i','3','8','6'
#elif defined(__x86_64)
# define KEY '_','_','x','8','6','_','6','4'
#elif defined(__PPC64__)
# define KEY '_','_','P','P','C','6','4','_','_'
#elif defined(__ppc64__)
# define KEY '_','_','p','p','c','6','4','_','_'
#elif defined(__PPC__)
# define KEY '_','_','P','P','C','_','_'
#elif defined(__ppc__)
# define KEY '_','_','p','p','c','_','_'
#elif defined(__aarch64__)
# define KEY '_','_','a','a','r','c','h','6','4','_','_'
#elif defined(__ARM_ARCH_7A__)
# define KEY '_','_','A','R','M','_','A','R','C','H','_','7','A','_','_'
#elif defined(__ARM_ARCH_7S__)
# define KEY '_','_','A','R','M','_','A','R','C','H','_','7','S','_','_'
#endif

#define SIZE (sizeof(off64_t))
static char info_size[] =  {'I', 'N', 'F', 'O', ':', 's','i','z','e','[',
  ('0' + ((SIZE / 10000)%10)),
  ('0' + ((SIZE / 1000)%10)),
  ('0' + ((SIZE / 100)%10)),
  ('0' + ((SIZE / 10)%10)),
  ('0' +  (SIZE    % 10)),
  ']',
#ifdef KEY
  ' ','k','e','y','[', KEY, ']',
#endif
  '\0'};

#ifdef __CLASSIC_C__
int main(argc, argv) int argc; char *argv[];
#else
int main(int argc, char *argv[])
#endif
{
  int require = 0;
  require += info_size[argc];
  (void)argv;
  return require;
}


Determining if the function fseeko exists failed with the following output:
Change Dir: D:/rrbuild/libroadrunner-deps/cmake-build-release-visual-studio/CMakeFiles/CMakeTmp

Run Build Command(s):nmake /nologo cmTC_f65a2\fast && 	"C:\Program Files (x86)\Microsoft Visual Studio\2019\Community\VC\Tools\MSVC\14.27.29110\bin\HostX64\x64\nmake.exe"  -f CMakeFiles\cmTC_f65a2.dir\build.make /nologo -L                  CMakeFiles\cmTC_f65a2.dir\build
Building C object CMakeFiles/cmTC_f65a2.dir/CheckFunctionExists.c.obj
	C:\PROGRA~2\MICROS~1\2019\COMMUN~1\VC\Tools\MSVC\14.27.29110\bin\Hostx64\x64\cl.exe @C:\Users\Ciaran\AppData\Local\Temp\nm569D.tmp
CheckFunctionExists.c
Linking C executable cmTC_f65a2.exe
	D:\cmake\cmake-3.18.1-win64-x64\bin\cmake.exe -E vs_link_exe --intdir=CMakeFiles\cmTC_f65a2.dir --rc=C:\PROGRA~2\WI3CF2~1\10\bin\100183~1.0\x64\rc.exe --mt=C:\PROGRA~2\WI3CF2~1\10\bin\100183~1.0\x64\mt.exe --manifests -- C:\PROGRA~2\MICROS~1\2019\COMMUN~1\VC\Tools\MSVC\14.27.29110\bin\Hostx64\x64\link.exe /nologo @CMakeFiles\cmTC_f65a2.dir\objects1.rsp @C:\Users\Ciaran\AppData\Local\Temp\nm56CD.tmp
LINK Pass 1: command "C:\PROGRA~2\MICROS~1\2019\COMMUN~1\VC\Tools\MSVC\14.27.29110\bin\Hostx64\x64\link.exe /nologo @CMakeFiles\cmTC_f65a2.dir\objects1.rsp /out:cmTC_f65a2.exe /implib:cmTC_f65a2.lib /pdb:D:\rrbuild\libroadrunner-deps\cmake-build-release-visual-studio\CMakeFiles\CMakeTmp\cmTC_f65a2.pdb /version:0.0 /machine:x64 /debug /INCREMENTAL /subsystem:console kernel32.lib user32.lib gdi32.lib winspool.lib shell32.lib ole32.lib oleaut32.lib uuid.lib comdlg32.lib advapi32.lib /MANIFEST /MANIFESTFILE:CMakeFiles\cmTC_f65a2.dir/intermediate.manifest CMakeFiles\cmTC_f65a2.dir/manifest.res" failed (exit code 1120) with the following output:
CheckFunctionExists.c.obj : error LNK2019: unresolved external symbol fseeko referenced in function main
cmTC_f65a2.exe : fatal error LNK1120: 1 unresolved externals
NMAKE : fatal error U1077: 'D:\cmake\cmake-3.18.1-win64-x64\bin\cmake.exe' : return code '0xffffffff'
Stop.
NMAKE : fatal error U1077: '"C:\Program Files (x86)\Microsoft Visual Studio\2019\Community\VC\Tools\MSVC\14.27.29110\bin\HostX64\x64\nmake.exe"' : return code '0x2'
Stop.



Determining if the include file unistd.h exists failed with the following output:
Change Dir: D:/rrbuild/libroadrunner-deps/cmake-build-release-visual-studio/CMakeFiles/CMakeTmp

Run Build Command(s):nmake /nologo cmTC_3a0f4\fast && 	"C:\Program Files (x86)\Microsoft Visual Studio\2019\Community\VC\Tools\MSVC\14.27.29110\bin\HostX64\x64\nmake.exe"  -f CMakeFiles\cmTC_3a0f4.dir\build.make /nologo -L                  CMakeFiles\cmTC_3a0f4.dir\build
Building C object CMakeFiles/cmTC_3a0f4.dir/CheckIncludeFile.c.obj
	C:\PROGRA~2\MICROS~1\2019\COMMUN~1\VC\Tools\MSVC\14.27.29110\bin\Hostx64\x64\cl.exe @C:\Users\Ciaran\AppData\Local\Temp\nm5768.tmp
CheckIncludeFile.c
D:\rrbuild\libroadrunner-deps\cmake-build-release-visual-studio\CMakeFiles\CMakeTmp\CheckIncludeFile.c(1): fatal error C1083: Cannot open include file: 'unistd.h': No such file or directory
NMAKE : fatal error U1077: 'C:\PROGRA~2\MICROS~1\2019\COMMUN~1\VC\Tools\MSVC\14.27.29110\bin\Hostx64\x64\cl.exe' : return code '0x2'
Stop.
NMAKE : fatal error U1077: '"C:\Program Files (x86)\Microsoft Visual Studio\2019\Community\VC\Tools\MSVC\14.27.29110\bin\HostX64\x64\nmake.exe"' : return code '0x2'
Stop.



Determining if the include file pthread.h exists failed with the following output:
Change Dir: D:/rrbuild/libroadrunner-deps/cmake-build-release-visual-studio/CMakeFiles/CMakeTmp

Run Build Command(s):nmake /nologo cmTC_a6f0e\fast && 	"C:\Program Files (x86)\Microsoft Visual Studio\2019\Community\VC\Tools\MSVC\14.27.29110\bin\HostX64\x64\nmake.exe"  -f CMakeFiles\cmTC_a6f0e.dir\build.make /nologo -L                  CMakeFiles\cmTC_a6f0e.dir\build
Building C object CMakeFiles/cmTC_a6f0e.dir/CheckIncludeFile.c.obj
	C:\PROGRA~2\MICROS~1\2019\COMMUN~1\VC\Tools\MSVC\14.27.29110\bin\Hostx64\x64\cl.exe @C:\Users\Ciaran\AppData\Local\Temp\nm62C3.tmp
CheckIncludeFile.c
D:\rrbuild\libroadrunner-deps\cmake-build-release-visual-studio\CMakeFiles\CMakeTmp\CheckIncludeFile.c(1): fatal error C1083: Cannot open include file: 'pthread.h': No such file or directory
NMAKE : fatal error U1077: 'C:\PROGRA~2\MICROS~1\2019\COMMUN~1\VC\Tools\MSVC\14.27.29110\bin\Hostx64\x64\cl.exe' : return code '0x2'
Stop.
NMAKE : fatal error U1077: '"C:\Program Files (x86)\Microsoft Visual Studio\2019\Community\VC\Tools\MSVC\14.27.29110\bin\HostX64\x64\nmake.exe"' : return code '0x2'
Stop.



Determining if files check.h exist failed with the following output:
Change Dir: D:/rrbuild/libroadrunner-deps/cmake-build-release-visual-studio/CMakeFiles/CMakeTmp

Run Build Command(s):nmake /nologo cmTC_03f8e\fast && 	"C:\Program Files (x86)\Microsoft Visual Studio\2019\Community\VC\Tools\MSVC\14.27.29110\bin\HostX64\x64\nmake.exe"  -f CMakeFiles\cmTC_03f8e.dir\build.make /nologo -L                  CMakeFiles\cmTC_03f8e.dir\build
Building C object CMakeFiles/cmTC_03f8e.dir/HAVE_CHECK_H.c.obj
	C:\PROGRA~2\MICROS~1\2019\COMMUN~1\VC\Tools\MSVC\14.27.29110\bin\Hostx64\x64\cl.exe @C:\Users\Ciaran\AppData\Local\Temp\nm6C96.tmp
HAVE_CHECK_H.c
D:\rrbuild\libroadrunner-deps\cmake-build-release-visual-studio\CMakeFiles\CheckIncludeFiles\HAVE_CHECK_H.c(2): fatal error C1083: Cannot open include file: 'check.h': No such file or directory
NMAKE : fatal error U1077: 'C:\PROGRA~2\MICROS~1\2019\COMMUN~1\VC\Tools\MSVC\14.27.29110\bin\Hostx64\x64\cl.exe' : return code '0x2'
Stop.
NMAKE : fatal error U1077: '"C:\Program Files (x86)\Microsoft Visual Studio\2019\Community\VC\Tools\MSVC\14.27.29110\bin\HostX64\x64\nmake.exe"' : return code '0x2'
Stop.


Source:
/* */
#include <check.h>


int main(void){return 0;}

Determining if files expat.h exist failed with the following output:
Change Dir: D:/rrbuild/libroadrunner-deps/cmake-build-release-visual-studio/CMakeFiles/CMakeTmp

Run Build Command(s):nmake /nologo cmTC_56d35\fast && 	"C:\Program Files (x86)\Microsoft Visual Studio\2019\Community\VC\Tools\MSVC\14.27.29110\bin\HostX64\x64\nmake.exe"  -f CMakeFiles\cmTC_56d35.dir\build.make /nologo -L                  CMakeFiles\cmTC_56d35.dir\build
Building C object CMakeFiles/cmTC_56d35.dir/HAVE_EXPAT_H.c.obj
	C:\PROGRA~2\MICROS~1\2019\COMMUN~1\VC\Tools\MSVC\14.27.29110\bin\Hostx64\x64\cl.exe @C:\Users\Ciaran\AppData\Local\Temp\nm6D13.tmp
HAVE_EXPAT_H.c
D:\rrbuild\libroadrunner-deps\cmake-build-release-visual-studio\CMakeFiles\CheckIncludeFiles\HAVE_EXPAT_H.c(2): fatal error C1083: Cannot open include file: 'expat.h': No such file or directory
NMAKE : fatal error U1077: 'C:\PROGRA~2\MICROS~1\2019\COMMUN~1\VC\Tools\MSVC\14.27.29110\bin\Hostx64\x64\cl.exe' : return code '0x2'
Stop.
NMAKE : fatal error U1077: '"C:\Program Files (x86)\Microsoft Visual Studio\2019\Community\VC\Tools\MSVC\14.27.29110\bin\HostX64\x64\nmake.exe"' : return code '0x2'
Stop.


Source:
/* */
#include <expat.h>


int main(void){return 0;}

Determining if files ieeefp.h exist failed with the following output:
Change Dir: D:/rrbuild/libroadrunner-deps/cmake-build-release-visual-studio/CMakeFiles/CMakeTmp

Run Build Command(s):nmake /nologo cmTC_d9ce0\fast && 	"C:\Program Files (x86)\Microsoft Visual Studio\2019\Community\VC\Tools\MSVC\14.27.29110\bin\HostX64\x64\nmake.exe"  -f CMakeFiles\cmTC_d9ce0.dir\build.make /nologo -L                  CMakeFiles\cmTC_d9ce0.dir\build
Building C object CMakeFiles/cmTC_d9ce0.dir/HAVE_IEEEFP_H.c.obj
	C:\PROGRA~2\MICROS~1\2019\COMMUN~1\VC\Tools\MSVC\14.27.29110\bin\Hostx64\x64\cl.exe @C:\Users\Ciaran\AppData\Local\Temp\nm6EB9.tmp
HAVE_IEEEFP_H.c
D:\rrbuild\libroadrunner-deps\cmake-build-release-visual-studio\CMakeFiles\CheckIncludeFiles\HAVE_IEEEFP_H.c(2): fatal error C1083: Cannot open include file: 'ieeefp.h': No such file or directory
NMAKE : fatal error U1077: 'C:\PROGRA~2\MICROS~1\2019\COMMUN~1\VC\Tools\MSVC\14.27.29110\bin\Hostx64\x64\cl.exe' : return code '0x2'
Stop.
NMAKE : fatal error U1077: '"C:\Program Files (x86)\Microsoft Visual Studio\2019\Community\VC\Tools\MSVC\14.27.29110\bin\HostX64\x64\nmake.exe"' : return code '0x2'
Stop.


Source:
/* */
#include <ieeefp.h>


int main(void){return 0;}

Determining if the function sqrt exists in the m failed with the following output:
Change Dir: D:/rrbuild/libroadrunner-deps/cmake-build-release-visual-studio/CMakeFiles/CMakeTmp

Run Build Command(s):nmake /nologo cmTC_bb2f5\fast && 	"C:\Program Files (x86)\Microsoft Visual Studio\2019\Community\VC\Tools\MSVC\14.27.29110\bin\HostX64\x64\nmake.exe"  -f CMakeFiles\cmTC_bb2f5.dir\build.make /nologo -L                  CMakeFiles\cmTC_bb2f5.dir\build
Building C object CMakeFiles/cmTC_bb2f5.dir/CheckFunctionExists.c.obj
	C:\PROGRA~2\MICROS~1\2019\COMMUN~1\VC\Tools\MSVC\14.27.29110\bin\Hostx64\x64\cl.exe @C:\Users\Ciaran\AppData\Local\Temp\nm71B7.tmp
CheckFunctionExists.c
Linking C executable cmTC_bb2f5.exe
	D:\cmake\cmake-3.18.1-win64-x64\bin\cmake.exe -E vs_link_exe --intdir=CMakeFiles\cmTC_bb2f5.dir --rc=C:\PROGRA~2\WI3CF2~1\10\bin\100183~1.0\x64\rc.exe --mt=C:\PROGRA~2\WI3CF2~1\10\bin\100183~1.0\x64\mt.exe --manifests -- C:\PROGRA~2\MICROS~1\2019\COMMUN~1\VC\Tools\MSVC\14.27.29110\bin\Hostx64\x64\link.exe /nologo @CMakeFiles\cmTC_bb2f5.dir\objects1.rsp @C:\Users\Ciaran\AppData\Local\Temp\nm71E7.tmp
LINK Pass 1: command "C:\PROGRA~2\MICROS~1\2019\COMMUN~1\VC\Tools\MSVC\14.27.29110\bin\Hostx64\x64\link.exe /nologo @CMakeFiles\cmTC_bb2f5.dir\objects1.rsp /out:cmTC_bb2f5.exe /implib:cmTC_bb2f5.lib /pdb:D:\rrbuild\libroadrunner-deps\cmake-build-release-visual-studio\CMakeFiles\CMakeTmp\cmTC_bb2f5.pdb /version:0.0 /machine:x64 /debug /INCREMENTAL /subsystem:console m.lib kernel32.lib user32.lib gdi32.lib winspool.lib shell32.lib ole32.lib oleaut32.lib uuid.lib comdlg32.lib advapi32.lib /MANIFEST /MANIFESTFILE:CMakeFiles\cmTC_bb2f5.dir/intermediate.manifest CMakeFiles\cmTC_bb2f5.dir/manifest.res" failed (exit code 1104) with the following output:
LINK : fatal error LNK1104: cannot open file 'm.lib'
NMAKE : fatal error U1077: 'D:\cmake\cmake-3.18.1-win64-x64\bin\cmake.exe' : return code '0xffffffff'
Stop.
NMAKE : fatal error U1077: '"C:\Program Files (x86)\Microsoft Visual Studio\2019\Community\VC\Tools\MSVC\14.27.29110\bin\HostX64\x64\nmake.exe"' : return code '0x2'
Stop.



